0 info it worked if it ends with ok
1 verbose cli [ '/Users/hb29488/.nvm/versions/node/v6.9.5/bin/node',
1 verbose cli   '/Users/hb29488/.nvm/versions/node/v6.9.5/bin/npm',
1 verbose cli   'install' ]
2 info using npm@3.10.10
3 info using node@v6.9.5
4 silly loadCurrentTree Starting
5 silly install loadCurrentTree
6 silly install readLocalPackageData
7 silly install normalizeTree
8 silly loadCurrentTree Finishing
9 silly loadIdealTree Starting
10 silly install loadIdealTree
11 silly cloneCurrentTree Starting
12 silly install cloneCurrentTreeToIdealTree
13 silly cloneCurrentTree Finishing
14 silly loadShrinkwrap Starting
15 silly install loadShrinkwrap
16 silly loadShrinkwrap Finishing
17 silly loadAllDepsIntoIdealTree Starting
18 silly install loadAllDepsIntoIdealTree
19 silly fetchNamedPackageData redux
20 silly mapToRegistry name redux
21 silly mapToRegistry using default registry
22 silly mapToRegistry registry http://nexus.hban.us/nexus/repository/npm-all/
23 silly mapToRegistry data Result {
23 silly mapToRegistry   raw: 'redux',
23 silly mapToRegistry   scope: null,
23 silly mapToRegistry   escapedName: 'redux',
23 silly mapToRegistry   name: 'redux',
23 silly mapToRegistry   rawSpec: '',
23 silly mapToRegistry   spec: 'latest',
23 silly mapToRegistry   type: 'tag' }
24 silly mapToRegistry uri http://nexus.hban.us/nexus/repository/npm-all/redux
25 verbose request uri http://nexus.hban.us/nexus/repository/npm-all/redux
26 verbose request no auth needed
27 info attempt registry request try #1 at 11:07:39 AM
28 verbose request id 68f07ca5eb9b6c2b
29 http request GET http://nexus.hban.us/nexus/repository/npm-all/redux
30 http 404 http://nexus.hban.us/nexus/repository/npm-all/redux
31 verbose headers { date: 'Wed, 17 May 2017 15:07:39 GMT',
31 verbose headers   server: 'Nexus/3.2.1-01 (PRO)',
31 verbose headers   'x-frame-options': 'SAMEORIGIN',
31 verbose headers   'x-content-type-options': 'nosniff',
31 verbose headers   'content-type': 'application/json',
31 verbose headers   'content-length': '37' }
32 silly get cb [ 404,
32 silly get   { date: 'Wed, 17 May 2017 15:07:39 GMT',
32 silly get     server: 'Nexus/3.2.1-01 (PRO)',
32 silly get     'x-frame-options': 'SAMEORIGIN',
32 silly get     'x-content-type-options': 'nosniff',
32 silly get     'content-type': 'application/json',
32 silly get     'content-length': '37' } ]
33 silly fetchPackageMetaData Error: Not found : nexus
33 silly fetchPackageMetaData     at makeError (/Users/hb29488/.nvm/versions/node/v6.9.5/lib/node_modules/npm/node_modules/npm-registry-client/lib/request.js:302:12)
33 silly fetchPackageMetaData     at CachingRegistryClient.<anonymous> (/Users/hb29488/.nvm/versions/node/v6.9.5/lib/node_modules/npm/node_modules/npm-registry-client/lib/request.js:290:14)
33 silly fetchPackageMetaData     at Request._callback (/Users/hb29488/.nvm/versions/node/v6.9.5/lib/node_modules/npm/node_modules/npm-registry-client/lib/request.js:210:14)
33 silly fetchPackageMetaData     at Request.self.callback (/Users/hb29488/.nvm/versions/node/v6.9.5/lib/node_modules/npm/node_modules/request/request.js:187:22)
33 silly fetchPackageMetaData     at emitTwo (events.js:106:13)
33 silly fetchPackageMetaData     at Request.emit (events.js:191:7)
33 silly fetchPackageMetaData     at Request.<anonymous> (/Users/hb29488/.nvm/versions/node/v6.9.5/lib/node_modules/npm/node_modules/request/request.js:1048:10)
33 silly fetchPackageMetaData     at emitOne (events.js:96:13)
33 silly fetchPackageMetaData     at Request.emit (events.js:188:7)
33 silly fetchPackageMetaData     at IncomingMessage.<anonymous> (/Users/hb29488/.nvm/versions/node/v6.9.5/lib/node_modules/npm/node_modules/request/request.js:969:12)
33 silly fetchPackageMetaData  error for redux@^3.6.0 { Error: Not found : nexus
33 silly fetchPackageMetaData     at makeError (/Users/hb29488/.nvm/versions/node/v6.9.5/lib/node_modules/npm/node_modules/npm-registry-client/lib/request.js:302:12)
33 silly fetchPackageMetaData     at CachingRegistryClient.<anonymous> (/Users/hb29488/.nvm/versions/node/v6.9.5/lib/node_modules/npm/node_modules/npm-registry-client/lib/request.js:290:14)
33 silly fetchPackageMetaData     at Request._callback (/Users/hb29488/.nvm/versions/node/v6.9.5/lib/node_modules/npm/node_modules/npm-registry-client/lib/request.js:210:14)
33 silly fetchPackageMetaData     at Request.self.callback (/Users/hb29488/.nvm/versions/node/v6.9.5/lib/node_modules/npm/node_modules/request/request.js:187:22)
33 silly fetchPackageMetaData     at emitTwo (events.js:106:13)
33 silly fetchPackageMetaData     at Request.emit (events.js:191:7)
33 silly fetchPackageMetaData     at Request.<anonymous> (/Users/hb29488/.nvm/versions/node/v6.9.5/lib/node_modules/npm/node_modules/request/request.js:1048:10)
33 silly fetchPackageMetaData     at emitOne (events.js:96:13)
33 silly fetchPackageMetaData     at Request.emit (events.js:188:7)
33 silly fetchPackageMetaData     at IncomingMessage.<anonymous> (/Users/hb29488/.nvm/versions/node/v6.9.5/lib/node_modules/npm/node_modules/request/request.js:969:12) pkgid: 'nexus', statusCode: 404, code: 'E404' }
34 silly rollbackFailedOptional Starting
35 silly rollbackFailedOptional Finishing
36 silly runTopLevelLifecycles Finishing
37 silly install printInstalled
38 verbose stack Error: Not found : nexus
38 verbose stack     at makeError (/Users/hb29488/.nvm/versions/node/v6.9.5/lib/node_modules/npm/node_modules/npm-registry-client/lib/request.js:302:12)
38 verbose stack     at CachingRegistryClient.<anonymous> (/Users/hb29488/.nvm/versions/node/v6.9.5/lib/node_modules/npm/node_modules/npm-registry-client/lib/request.js:290:14)
38 verbose stack     at Request._callback (/Users/hb29488/.nvm/versions/node/v6.9.5/lib/node_modules/npm/node_modules/npm-registry-client/lib/request.js:210:14)
38 verbose stack     at Request.self.callback (/Users/hb29488/.nvm/versions/node/v6.9.5/lib/node_modules/npm/node_modules/request/request.js:187:22)
38 verbose stack     at emitTwo (events.js:106:13)
38 verbose stack     at Request.emit (events.js:191:7)
38 verbose stack     at Request.<anonymous> (/Users/hb29488/.nvm/versions/node/v6.9.5/lib/node_modules/npm/node_modules/request/request.js:1048:10)
38 verbose stack     at emitOne (events.js:96:13)
38 verbose stack     at Request.emit (events.js:188:7)
38 verbose stack     at IncomingMessage.<anonymous> (/Users/hb29488/.nvm/versions/node/v6.9.5/lib/node_modules/npm/node_modules/request/request.js:969:12)
39 verbose statusCode 404
40 verbose pkgid nexus
41 verbose cwd /Users/hb29488/Documents/repos/console-redux
42 error Darwin 16.5.0
43 error argv "/Users/hb29488/.nvm/versions/node/v6.9.5/bin/node" "/Users/hb29488/.nvm/versions/node/v6.9.5/bin/npm" "install"
44 error node v6.9.5
45 error npm  v3.10.10
46 error code E404
47 error 404 Not found : nexus
48 error 404
49 error 404 'nexus' is not in the npm registry.
50 error 404 You should bug the author to publish it (or use the name yourself!)
51 error 404 Note that you can also install from a
52 error 404 tarball, folder, http url, or git url.
53 verbose exit [ 1, true ]
